[17Jan2025 00:00:04.138] [Server thread/WARN] [net.minecraft.server.level.ServerLevel/]: Tried to add entity infectious:zombie_cook but it was marked as removed already
[17Jan2025 00:00:05.134] [Server thread/WARN] [net.minecraft.server.level.ServerLevel/]: Tried to add entity infectious:door_zombie but it was marked as removed already
[17Jan2025 00:00:05.235] [Server thread/WARN] [net.minecraft.server.level.ServerLevel/]: Tried to add entity zombie_island:runner but it was marked as removed already
[17Jan2025 00:00:07.834] [Server thread/WARN] [net.minecraft.server.level.ServerLevel/]: Tried to add entity infectious:zombie_agent but it was marked as removed already
[17Jan2025 00:00:08.084] [Server thread/WARN] [net.minecraft.server.level.ServerLevel/]: Tried to add entity infectious:pumpkin_zombie but it was marked as removed already
[17Jan2025 00:00:08.686] [Server thread/WARN] [net.minecraft.server.level.ServerLevel/]: Tried to add entity infectious:construction_worker_zombie but it was marked as removed already
[17Jan2025 00:00:08.686] [Server thread/WARN] [net.minecraft.server.level.ServerLevel/]: Tried to add entity infectious:firework_zombie but it was marked as removed already
[17Jan2025 00:00:14.386] [Server thread/WARN] [net.minecraft.server.level.ServerLevel/]: Tried to add entity infectious:zombie_boxer but it was marked as removed already
[17Jan2025 00:00:14.386] [Server thread/WARN] [net.minecraft.server.level.ServerLevel/]: Tried to add entity infectious:zombie_agent but it was marked as removed already
[17Jan2025 00:00:14.434] [Server thread/WARN] [net.minecraft.server.level.ServerLevel/]: Tried to add entity infectious:beehive_zombie but it was marked as removed already
[17Jan2025 00:00:14.434] [Server thread/WARN] [net.minecraft.server.level.ServerLevel/]: Tried to add entity infectious:beehive_zombie but it was marked as removed already
[17Jan2025 00:00:16.784] [Server thread/WARN] [net.minecraft.server.level.ServerLevel/]: Tried to add entity infectious:zombie_boxer but it was marked as removed already
[17Jan2025 00:00:28.835] [Server thread/WARN] [net.minecraft.server.level.ServerLevel/]: Tried to add entity infectious:barrel_zombie but it was marked as removed already
[17Jan2025 00:00:30.136] [Server thread/WARN] [net.minecraft.server.level.ServerLevel/]: Tried to add entity infectious:pylon_zombie but it was marked as removed already
[17Jan2025 00:00:30.136] [Server thread/WARN] [net.minecraft.server.level.ServerLevel/]: Tried to add entity infectious:barrel_zombie but it was marked as removed already
[17Jan2025 00:00:30.486] [Server thread/WARN] [net.minecraft.server.level.ServerLevel/]: Tried to add entity infectious:pool_tube_zombie but it was marked as removed already
[17Jan2025 00:00:31.336] [Server thread/WARN] [net.minecraft.server.level.ServerLevel/]: Tried to add entity infectious:zombified_bird but it was marked as removed already
[17Jan2025 00:00:33.235] [Server thread/WARN] [net.minecraft.server.level.ServerLevel/]: Tried to add entity infectious:zombie_farmer but it was marked as removed already
[17Jan2025 00:00:40.236] [Server thread/WARN] [net.minecraft.server.level.ServerLevel/]: Tried to add entity infectious:barrel_zombie but it was marked as removed already
[17Jan2025 00:00:45.236] [Server thread/WARN] [net.minecraft.server.level.ServerLevel/]: Tried to add entity infectious:baseball_bat_zombie but it was marked as removed already
[17Jan2025 00:01:02.634] [Server thread/WARN] [net.minecraft.server.level.ServerLevel/]: Tried to add entity infectious:pumpkin_zombie but it was marked as removed already
[17Jan2025 00:01:07.436] [Server thread/WARN] [net.minecraft.server.level.ServerLevel/]: Tried to add entity infectious:pylon_zombie but it was marked as removed already
[17Jan2025 00:01:18.234] [Server thread/WARN] [net.minecraft.server.level.ServerLevel/]: Tried to add entity infectious:muscular_zombie but it was marked as removed already
[17Jan2025 00:01:18.234] [Server thread/WARN] [net.minecraft.server.level.ServerLevel/]: Tried to add entity infectious:muscular_zombie but it was marked as removed already
[17Jan2025 00:01:18.235] [Server thread/WARN] [net.minecraft.server.level.ServerLevel/]: Tried to add entity infectious:door_zombie but it was marked as removed already
[17Jan2025 00:01:22.784] [Server thread/WARN] [net.minecraft.server.level.ServerLevel/]: Tried to add entity infectious:zombie_cook but it was marked as removed already
[17Jan2025 00:01:22.834] [Server thread/WARN] [net.minecraft.server.level.ServerLevel/]: Tried to add entity infectious:zombie_astronaut but it was marked as removed already
[17Jan2025 00:01:26.835] [Server thread/WARN] [net.minecraft.server.level.ServerLevel/]: Tried to add entity infectious:pool_tube_zombie but it was marked as removed already
[17Jan2025 00:01:26.835] [Server thread/WARN] [net.minecraft.server.level.ServerLevel/]: Tried to add entity infectious:pool_tube_zombie but it was marked as removed already
[17Jan2025 00:01:28.935] [Server thread/WARN] [net.minecraft.server.level.ServerLevel/]: Tried to add entity infectious:zombie_runner but it was marked as removed already
[17Jan2025 00:01:32.534] [Server thread/WARN] [net.minecraft.server.level.ServerLevel/]: Tried to add entity infectious:football_player_zombie but it was marked as removed already
[17Jan2025 00:01:33.786] [Server thread/WARN] [net.minecraft.server.level.ServerLevel/]: Tried to add entity infectious:balloon_zombie but it was marked as removed already
[17Jan2025 00:01:35.235] [Server thread/WARN] [net.minecraft.server.level.ServerLevel/]: Tried to add entity infectious:zombie_runner but it was marked as removed already
[17Jan2025 00:01:41.736] [Server thread/WARN] [net.minecraft.server.level.ServerLevel/]: Tried to add entity infectious:construction_worker_zombie but it was marked as removed already
[17Jan2025 00:01:44.585] [Server thread/WARN] [net.minecraft.server.level.ServerLevel/]: Tried to add entity infectious:pylon_zombie but it was marked as removed already
[17Jan2025 00:01:44.585] [Server thread/WARN] [net.minecraft.server.level.ServerLevel/]: Tried to add entity infectious:bouncer_zombie but it was marked as removed already
[17Jan2025 00:01:44.585] [Server thread/WARN] [net.minecraft.server.level.ServerLevel/]: Tried to add entity infectious:bouncer_zombie but it was marked as removed already
[17Jan2025 00:01:44.585] [Server thread/WARN] [net.minecraft.server.level.ServerLevel/]: Tried to add entity infectious:bouncer_zombie but it was marked as removed already
[17Jan2025 00:01:45.785] [Server thread/WARN] [net.minecraft.server.level.ServerLevel/]: Tried to add entity infectious:construction_worker_zombie but it was marked as removed already
[17Jan2025 00:01:45.785] [Server thread/WARN] [net.minecraft.server.level.ServerLevel/]: Tried to add entity infectious:construction_worker_zombie but it was marked as removed already
[17Jan2025 00:01:45.884] [Server thread/WARN] [net.minecraft.server.level.ServerLevel/]: Tried to add entity infectious:zombified_bear but it was marked as removed already
[17Jan2025 00:01:46.035] [Server thread/WARN] [net.minecraft.server.level.ServerLevel/]: Tried to add entity infectious:pool_tube_zombie but it was marked as removed already
[17Jan2025 00:01:52.486] [Server thread/WARN] [net.minecraft.server.level.ServerLevel/]: Tried to add entity infectious:construction_worker_zombie but it was marked as removed already
[17Jan2025 00:01:52.486] [Server thread/WARN] [net.minecraft.server.level.ServerLevel/]: Tried to add entity infectious:zombie_cook but it was marked as removed already
[17Jan2025 00:01:54.535] [Server thread/WARN] [net.minecraft.server.level.ServerLevel/]: Tried to add entity infectious:baseball_bat_zombie but it was marked as removed already
[17Jan2025 00:01:54.536] [Server thread/WARN] [net.minecraft.server.level.ServerLevel/]: Tried to add entity infectious:construction_worker_zombie but it was marked as removed already
[17Jan2025 00:01:54.536] [Server thread/WARN] [net.minecraft.server.level.ServerLevel/]: Tried to add entity infectious:construction_worker_zombie but it was marked as removed already
[17Jan2025 00:01:54.536] [Server thread/WARN] [net.minecraft.server.level.ServerLevel/]: Tried to add entity infectious:construction_worker_zombie but it was marked as removed already
[17Jan2025 00:01:54.585] [Server thread/WARN] [net.minecraft.server.level.ServerLevel/]: Tried to add entity infectious:door_zombie but it was marked as removed already
[17Jan2025 00:01:55.334] [Server thread/WARN] [net.minecraft.server.level.ServerLevel/]: Tried to add entity infectious:zombie_painter but it was marked as removed already
[17Jan2025 00:01:56.086] [Server thread/WARN] [net.minecraft.server.level.ServerLevel/]: Tried to add entity infectious:zombified_boar but it was marked as removed already
[17Jan2025 00:02:02.334] [Server thread/WARN] [net.minecraft.server.level.ServerLevel/]: Tried to add entity infectious:pylon_zombie but it was marked as removed already
[17Jan2025 00:02:04.884] [Server thread/WARN] [net.minecraft.server.level.ServerLevel/]: Tried to add entity infectious:construction_worker_zombie but it was marked as removed already
[17Jan2025 00:02:09.434] [Server thread/WARN] [net.minecraft.server.level.ServerLevel/]: Tried to add entity infectious:football_player_zombie but it was marked as removed already
[17Jan2025 00:02:10.436] [Server thread/WARN] [net.minecraft.server.level.ServerLevel/]: Tried to add entity infectious:zombie_astronaut but it was marked as removed already
[17Jan2025 00:02:10.484] [Server thread/WARN] [net.minecraft.server.level.ServerLevel/]: Tried to add entity infectious:zombie_cook but it was marked as removed already
[17Jan2025 00:02:17.984] [Server thread/WARN] [net.minecraft.server.level.ServerLevel/]: Tried to add entity infectious:zombified_wolf but it was marked as removed already
[17Jan2025 00:02:17.985] [Server thread/WARN] [net.minecraft.server.level.ServerLevel/]: Tried to add entity infectious:zombified_wolf but it was marked as removed already
[17Jan2025 00:02:24.034] [Server thread/WARN] [net.minecraft.server.level.ServerLevel/]: Tried to add entity infectious:angry_zombie but it was marked as removed already
[17Jan2025 00:02:25.836] [Server thread/WARN] [net.minecraft.server.level.ServerLevel/]: Tried to add entity infectious:barrel_zombie but it was marked as removed already
[17Jan2025 00:02:25.886] [Server thread/WARN] [net.minecraft.server.level.ServerLevel/]: Tried to add entity infectious:psycho_zombie but it was marked as removed already
[17Jan2025 00:02:28.285] [Server thread/WARN] [net.minecraft.server.level.ServerLevel/]: Tried to add entity infectious:zombified_wolf but it was marked as removed already
[17Jan2025 00:02:28.285] [Server thread/WARN] [net.minecraft.server.level.ServerLevel/]: Tried to add entity infectious:zombified_wolf but it was marked as removed already
[17Jan2025 00:02:28.385] [Server thread/WARN] [net.minecraft.server.level.ServerLevel/]: Tried to add entity infectious:zombie_runner but it was marked as removed already
[17Jan2025 00:02:35.986] [Server thread/WARN] [net.minecraft.server.level.ServerLevel/]: Tried to add entity infectious:zombified_wolf but it was marked as removed already
[17Jan2025 00:02:36.035] [Server thread/WARN] [net.minecraft.server.level.ServerLevel/]: Tried to add entity infectious:football_player_zombie but it was marked as removed already
[17Jan2025 00:02:36.086] [Server thread/WARN] [net.minecraft.server.level.ServerLevel/]: Tried to add entity infectious:football_player_zombie but it was marked as removed already
[17Jan2025 00:02:43.535] [Server thread/WARN] [net.minecraft.server.level.ServerLevel/]: Tried to add entity infectious:zombie_farmer but it was marked as removed already
[17Jan2025 00:02:43.585] [Server thread/WARN] [net.minecraft.server.level.ServerLevel/]: Tried to add entity infectious:bouncer_zombie but it was marked as removed already
[17Jan2025 00:02:44.635] [Server thread/WARN] [net.minecraft.server.level.ServerLevel/]: Tried to add entity infectious:angry_zombie but it was marked as removed already
[17Jan2025 00:02:44.984] [Server thread/WARN] [net.minecraft.server.level.ServerLevel/]: Tried to add entity infectious:barrel_zombie but it was marked as removed already
[17Jan2025 00:02:44.984] [Server thread/WARN] [net.minecraft.server.level.ServerLevel/]: Tried to add entity infectious:barrel_zombie but it was marked as removed already
[17Jan2025 00:02:54.685] [Server thread/WARN] [net.minecraft.server.level.ServerLevel/]: Tried to add entity infectious:pool_tube_zombie but it was marked as removed already
[17Jan2025 00:03:00.084] [Server thread/WARN] [net.minecraft.server.level.ServerLevel/]: Tried to add entity zombie_island:runner but it was marked as removed already
[17Jan2025 00:03:02.186] [Server thread/WARN] [net.minecraft.server.level.ServerLevel/]: Tried to add entity infectious:pool_tube_zombie but it was marked as removed already
[17Jan2025 00:03:02.186] [Server thread/WARN] [net.minecraft.server.level.ServerLevel/]: Tried to add entity infectious:pool_tube_zombie but it was marked as removed already
[17Jan2025 00:03:02.186] [Server thread/WARN] [net.minecraft.server.level.ServerLevel/]: Tried to add entity infectious:beekeeper_zombie but it was marked as removed already
[17Jan2025 00:03:02.186] [Server thread/WARN] [net.minecraft.server.level.ServerLevel/]: Tried to add entity infectious:beekeeper_zombie but it was marked as removed already
[17Jan2025 00:03:02.285] [Server thread/WARN] [net.minecraft.server.level.ServerLevel/]: Tried to add entity infectious:beehive_zombie but it was marked as removed already
[17Jan2025 00:03:15.835] [Server thread/WARN] [net.minecraft.server.level.ServerLevel/]: Tried to add entity infectious:zombie_painter but it was marked as removed already
[17Jan2025 00:03:15.885] [Server thread/WARN] [net.minecraft.server.level.ServerLevel/]: Tried to add entity infectious:zombie_cook but it was marked as removed already
[17Jan2025 00:03:20.485] [Server thread/WARN] [net.minecraft.server.level.ServerLevel/]: Tried to add entity zombie_island:runner but it was marked as removed already
[17Jan2025 00:03:24.034] [Server thread/WARN] [net.minecraft.server.level.ServerLevel/]: Tried to add entity infectious:zombie_painter but it was marked as removed already
[17Jan2025 00:03:24.034] [Server thread/WARN] [net.minecraft.server.level.ServerLevel/]: Tried to add entity infectious:zombie_painter but it was marked as removed already
[17Jan2025 00:03:30.984] [Server thread/WARN] [net.minecraft.server.level.ServerLevel/]: Tried to add entity infectious:zombie_runner but it was marked as removed already
[17Jan2025 00:03:39.836] [Server thread/WARN] [net.minecraft.server.level.ServerLevel/]: Tried to add entity infectious:zombie_painter but it was marked as removed already
[17Jan2025 00:03:41.186] [Server thread/WARN] [net.minecraft.server.level.ServerLevel/]: Tried to add entity infectious:sleepy_zombie but it was marked as removed already
[17Jan2025 00:03:45.534] [Server thread/WARN] [net.minecraft.server.level.ServerLevel/]: Tried to add entity infectious:angry_zombie but it was marked as removed already
[17Jan2025 00:03:46.585] [Server thread/WARN] [net.minecraft.server.level.ServerLevel/]: Tried to add entity infectious:swat_zombie but it was marked as removed already
[17Jan2025 00:03:46.634] [Server thread/WARN] [net.minecraft.server.level.ServerLevel/]: Tried to add entity infectious:construction_worker_zombie but it was marked as removed already
[17Jan2025 00:03:46.635] [Server thread/WARN] [net.minecraft.server.level.ServerLevel/]: Tried to add entity zombie_island:runner but it was marked as removed already
[17Jan2025 00:03:50.635] [Server thread/WARN] [net.minecraft.server.level.ServerLevel/]: Tried to add entity infectious:zombie_doctor but it was marked as removed already
[17Jan2025 00:03:51.535] [Server thread/WARN] [net.minecraft.server.level.ServerLevel/]: Tried to add entity infectious:zombie_farmer but it was marked as removed already
[17Jan2025 00:04:12.436] [Server thread/WARN] [net.minecraft.server.level.ServerLevel/]: Tried to add entity infectious:firework_zombie but it was marked as removed already
[17Jan2025 00:04:21.684] [Server thread/WARN] [net.minecraft.server.level.ServerLevel/]: Tried to add entity infectious:zombie_police but it was marked as removed already
[17Jan2025 00:04:23.935] [Server thread/WARN] [net.minecraft.server.level.ServerLevel/]: Tried to add entity infectious:zombie_fisherman but it was marked as removed already
[17Jan2025 00:04:23.936] [Server thread/WARN] [net.minecraft.server.level.ServerLevel/]: Tried to add entity infectious:zombie_fisherman but it was marked as removed already
[17Jan2025 00:04:26.684] [Server thread/WARN] [net.minecraft.server.level.ServerLevel/]: Tried to add entity infectious:construction_worker_zombie but it was marked as removed already
[17Jan2025 00:04:27.285] [Server thread/WARN] [net.minecraft.server.level.ServerLevel/]: Tried to add entity infectious:zombie_lumberjack but it was marked as removed already
[17Jan2025 00:04:27.285] [Server thread/WARN] [net.minecraft.server.level.ServerLevel/]: Tried to add entity infectious:zombie_lumberjack but it was marked as removed already
[17Jan2025 00:04:27.285] [Server thread/WARN] [net.minecraft.server.level.ServerLevel/]: Tried to add entity infectious:zombie_lumberjack but it was marked as removed already
[17Jan2025 00:04:29.184] [Server thread/WARN] [net.minecraft.server.level.ServerLevel/]: Tried to add entity infectious:zombie_fisherman but it was marked as removed already
[17Jan2025 00:04:35.834] [Server thread/WARN] [net.minecraft.server.level.ServerLevel/]: Tried to add entity infectious:zombie_farmer but it was marked as removed already
[17Jan2025 00:04:35.834] [Server thread/WARN] [net.minecraft.server.level.ServerLevel/]: Tried to add entity infectious:zombie_farmer but it was marked as removed already
[17Jan2025 00:04:36.385] [Server thread/WARN] [net.minecraft.server.level.ServerLevel/]: Tried to add entity infectious:zombified_wolf but it was marked as removed already
[17Jan2025 00:04:36.385] [Server thread/WARN] [net.minecraft.server.level.ServerLevel/]: Tried to add entity infectious:zombified_wolf but it was marked as removed already
[17Jan2025 00:04:41.036] [Server thread/WARN] [net.minecraft.server.level.ServerLevel/]: Tried to add entity infectious:zombie_lumberjack but it was marked as removed already
[17Jan2025 00:04:41.036] [Server thread/WARN] [net.minecraft.server.level.ServerLevel/]: Tried to add entity infectious:zombie_lumberjack but it was marked as removed already
[17Jan2025 00:04:41.036] [Server thread/WARN] [net.minecraft.server.level.ServerLevel/]: Tried to add entity infectious:zombie_lumberjack but it was marked as removed already
[17Jan2025 00:04:41.084] [Server thread/WARN] [net.minecraft.server.level.ServerLevel/]: Tried to add entity zombie_island:walker but it was marked as removed already
[17Jan2025 00:04:41.085] [Server thread/WARN] [net.minecraft.server.level.ServerLevel/]: Tried to add entity infectious:pumpkin_zombie but it was marked as removed already
[17Jan2025 00:04:54.684] [Server thread/WARN] [net.minecraft.server.level.ServerLevel/]: Tried to add entity infectious:pylon_zombie but it was marked as removed already
[17Jan2025 00:05:05.633] [Server thread/WARN] [net.minecraft.server.level.ServerLevel/]: Tried to add entity infectious:zombie_fisherman but it was marked as removed already
[17Jan2025 00:05:05.634] [Server thread/WARN] [net.minecraft.server.level.ServerLevel/]: Tried to add entity infectious:zombie_fisherman but it was marked as removed already
[17Jan2025 00:05:13.286] [Server thread/WARN] [net.minecraft.server.level.ServerLevel/]: Tried to add entity infectious:zombie_painter but it was marked as removed already
[17Jan2025 00:05:19.585] [Server thread/WARN] [net.minecraft.server.level.ServerLevel/]: Tried to add entity infectious:zombie_lumberjack but it was marked as removed already
[17Jan2025 00:05:21.885] [Server thread/WARN] [net.minecraft.server.level.ServerLevel/]: Tried to add entity infectious:zombie_scientist but it was marked as removed already
[17Jan2025 00:05:21.935] [Server thread/WARN] [net.minecraft.server.level.ServerLevel/]: Tried to add entity zombie_island:runner but it was marked as removed already
[17Jan2025 00:05:24.085] [Server thread/WARN] [net.minecraft.server.level.ServerLevel/]: Tried to add entity infectious:zombie_farmer but it was marked as removed already
[17Jan2025 00:05:25.985] [Server thread/WARN] [net.minecraft.server.level.ServerLevel/]: Tried to add entity infectious:construction_worker_zombie but it was marked as removed already
[17Jan2025 00:05:26.085] [Server thread/WARN] [net.minecraft.server.level.ServerLevel/]: Tried to add entity infectious:swat_zombie but it was marked as removed already
[17Jan2025 00:05:28.734] [Server thread/WARN] [net.minecraft.server.level.ServerLevel/]: Tried to add entity infectious:zombie_astronaut but it was marked as removed already
[17Jan2025 00:05:34.685] [Server thread/WARN] [net.minecraft.server.level.ServerLevel/]: Tried to add entity infectious:zombie_runner but it was marked as removed already
[17Jan2025 00:05:38.985] [Server thread/WARN] [net.minecraft.server.level.ServerLevel/]: Tried to add entity infectious:zombie_painter but it was marked as removed already
[17Jan2025 00:05:39.634] [Server thread/WARN] [net.minecraft.server.level.ServerLevel/]: Tried to add entity infectious:construction_worker_zombie but it was marked as removed already
[17Jan2025 00:05:39.634] [Server thread/WARN] [net.minecraft.server.level.ServerLevel/]: Tried to add entity infectious:construction_worker_zombie but it was marked as removed already
[17Jan2025 00:05:41.435] [Server thread/WARN] [net.minecraft.server.level.ServerLevel/]: Tried to add entity infectious:angry_zombie but it was marked as removed already
[17Jan2025 00:05:46.035] [Server thread/WARN] [net.minecraft.server.level.ServerLevel/]: Tried to add entity infectious:zombie_agent but it was marked as removed already
[17Jan2025 00:05:49.335] [Server thread/WARN] [net.minecraft.server.level.ServerLevel/]: Tried to add entity infectious:zombified_boar but it was marked as removed already
[17Jan2025 00:05:50.634] [Server thread/WARN] [net.minecraft.server.level.ServerLevel/]: Tried to add entity infectious:zombie_cook but it was marked as removed already
[17Jan2025 00:05:50.635] [Server thread/WARN] [net.minecraft.server.level.ServerLevel/]: Tried to add entity infectious:zombie_cook but it was marked as removed already
[17Jan2025 00:05:50.635] [Server thread/WARN] [net.minecraft.server.level.ServerLevel/]: Tried to add entity infectious:zombie_cook but it was marked as removed already
[17Jan2025 00:05:50.684] [Server thread/WARN] [net.minecraft.server.level.ServerLevel/]: Tried to add entity infectious:zombie_cook but it was marked as removed already
[17Jan2025 00:05:50.734] [Server thread/WARN] [net.minecraft.server.level.ServerLevel/]: Tried to add entity infectious:pylon_zombie but it was marked as removed already
[17Jan2025 00:05:54.834] [Server thread/WARN] [net.minecraft.server.level.ServerLevel/]: Tried to add entity infectious:pool_tube_zombie but it was marked as removed already
[17Jan2025 00:05:58.135] [Server thread/WARN] [net.minecraft.server.level.ServerLevel/]: Tried to add entity infectious:pylon_zombie but it was marked as removed already
[17Jan2025 00:06:04.386] [Server thread/WARN] [net.minecraft.server.level.ServerLevel/]: Tried to add entity infectious:zombie_painter but it was marked as removed already
[17Jan2025 00:06:05.785] [Server thread/WARN] [net.minecraft.server.level.ServerLevel/]: Tried to add entity infectious:bouncer_zombie but it was marked as removed already
[17Jan2025 00:06:05.785] [Server thread/WARN] [net.minecraft.server.level.ServerLevel/]: Tried to add entity infectious:bouncer_zombie but it was marked as removed already
[17Jan2025 00:06:21.093] [Server thread/INFO] [net.minecraft.server.network.ServerGamePacketListenerImpl/]: d0ce3_ lost connection: Disconnected
[17Jan2025 00:06:21.093] [Server thread/INFO] [net.minecraft.server.MinecraftServer/]: d0ce3_ left the game
[17Jan2025 00:06:32.234] [Server thread/INFO] [net.minecraft.server.MinecraftServer/]: Stopping the server
[17Jan2025 00:06:32.286] [Server thread/INFO] [luckperms/]: Starting shutdown process...
[17Jan2025 00:06:32.291] [Server thread/INFO] [luckperms/]: Closing storage...
[17Jan2025 00:06:32.306] [Server thread/INFO] [luckperms/]: Goodbye!
[17Jan2025 00:06:32.309] [Server thread/INFO] [net.minecraft.server.MinecraftServer/]: Stopping server
[17Jan2025 00:06:32.310] [Server thread/INFO] [net.minecraft.server.MinecraftServer/]: Saving players
[17Jan2025 00:06:32.310] [Server thread/INFO] [net.minecraft.server.MinecraftServer/]: Saving worlds
[17Jan2025 00:06:32.440] [Server thread/INFO] [net.minecraft.server.MinecraftServer/]: Saving chunks for level 'ServerLevel[world]'/minecraft:overworld
[17Jan2025 00:06:32.566] [Server thread/INFO] [net.minecraft.server.MinecraftServer/]: Saving chunks for level 'ServerLevel[world]'/minecraft:the_nether
[17Jan2025 00:06:32.567] [Server thread/INFO] [net.minecraft.server.MinecraftServer/]: Saving chunks for level 'ServerLevel[world]'/minecraft:the_end
[17Jan2025 00:06:32.597] [Server thread/INFO] [net.minecraft.server.MinecraftServer/]: ThreadedAnvilChunkStorage (world): All chunks are saved
[17Jan2025 00:06:32.598] [Server thread/INFO] [net.minecraft.server.MinecraftServer/]: ThreadedAnvilChunkStorage (DIM-1): All chunks are saved
[17Jan2025 00:06:32.598] [Server thread/INFO] [net.minecraft.server.MinecraftServer/]: ThreadedAnvilChunkStorage (DIM1): All chunks are saved
[17Jan2025 00:06:32.598] [Server thread/INFO] [net.minecraft.server.MinecraftServer/]: ThreadedAnvilChunkStorage: All dimensions are saved
[17Jan2025 00:06:32.618] [Server thread/INFO] [Framework/]: Unloading server configs...
[17Jan2025 00:06:32.620] [Server thread/INFO] [Framework/]: Sending config unload event for goblintraders-entities.toml
[17Jan2025 00:06:32.622] [Server thread/INFO] [Framework/]: Finished unloading server configs
